<?xml version="1.0" encoding="UTF-8"?>
<testsuite name="com.example.project04mongodb_crud.controller.UserControllerTest" tests="5" skipped="0" failures="0" errors="0" timestamp="2026-01-09T09:20:14.393Z" hostname="HYD-M-57013383" time="0.092">
  <properties/>
  <testcase name="deleteUser_ShouldReturnTrue_WhenDeleted()" classname="com.example.project04mongodb_crud.controller.UserControllerTest" time="0.042"/>
  <testcase name="updateUser_ShouldReturnUpdatedUser()" classname="com.example.project04mongodb_crud.controller.UserControllerTest" time="0.035"/>
  <testcase name="getUser_ShouldReturnUser_WhenFound()" classname="com.example.project04mongodb_crud.controller.UserControllerTest" time="0.003"/>
  <testcase name="createUser_ShouldReturnCreatedUser()" classname="com.example.project04mongodb_crud.controller.UserControllerTest" time="0.003"/>
  <testcase name="getAll_ShouldReturnListOfUsers()" classname="com.example.project04mongodb_crud.controller.UserControllerTest" time="0.007"/>
  <system-out><![CDATA[2026-01-09T14:50:14.213+05:30  INFO 30428 --- [project-04-MongoDB CRUD] [    Test worker] t.c.s.AnnotationConfigContextLoaderUtils : Could not detect default configuration classes for test class [com.example.project04mongodb_crud.controller.UserControllerTest]: UserControllerTest does not declare any static, non-private, non-final, nested classes annotated with @Configuration.
2026-01-09T14:50:14.222+05:30  INFO 30428 --- [project-04-MongoDB CRUD] [    Test worker] .b.t.c.SpringBootTestContextBootstrapper : Found @SpringBootConfiguration com.example.project04mongodb_crud.Project04MongoDbCrudApplication for test class com.example.project04mongodb_crud.controller.UserControllerTest

  .   ____          _            __ _ _
 /\\ / ___'_ __ _ _(_)_ __  __ _ \ \ \ \
( ( )\___ | '_ | '_| | '_ \/ _` | \ \ \ \
 \\/  ___)| |_)| | | | | || (_| |  ) ) ) )
  '  |____| .__|_| |_|_| |_\__, | / / / /
 =========|_|==============|___/=/_/_/_/

 :: Spring Boot ::                (v3.4.1)

2026-01-09T14:50:14.232+05:30  INFO 30428 --- [project-04-MongoDB CRUD] [    Test worker] c.e.p.controller.UserControllerTest      : Starting UserControllerTest using Java 21.0.9 with PID 30428 (started by mchevula in /Users/mchevula/IdeaProjects/EARampUp/project-04-MongoDB CRUD)
2026-01-09T14:50:14.233+05:30  INFO 30428 --- [project-04-MongoDB CRUD] [    Test worker] c.e.p.controller.UserControllerTest      : No active profile set, falling back to 1 default profile: "default"
2026-01-09T14:50:14.381+05:30  INFO 30428 --- [project-04-MongoDB CRUD] [    Test worker] o.s.b.t.m.w.SpringBootMockServletContext : Initializing Spring TestDispatcherServlet ''
2026-01-09T14:50:14.381+05:30  INFO 30428 --- [project-04-MongoDB CRUD] [    Test worker] o.s.t.web.servlet.TestDispatcherServlet  : Initializing Servlet ''
2026-01-09T14:50:14.382+05:30  INFO 30428 --- [project-04-MongoDB CRUD] [    Test worker] o.s.t.web.servlet.TestDispatcherServlet  : Completed initialization in 0 ms
2026-01-09T14:50:14.390+05:30  INFO 30428 --- [project-04-MongoDB CRUD] [    Test worker] c.e.p.controller.UserControllerTest      : Started UserControllerTest in 0.167 seconds (process running for 1.472)
]]></system-out>
  <system-err><![CDATA[]]></system-err>
</testsuite>
